
turn: 0
1 3 4 4 
1 3 4 4 
2 2 3 1 
2 2 3 1 
NV35782 NE35782 SE35782 SV35658 2 0 1 3 - 3


turn: 1
1 3 4 4 
1 3 4 4 
2 2 3 1 
2 2 3 1 
NV35570 NE35542 SE35536 SV35552 3 2 0 1 - 1


turn: 2
1 3 4 4 
1 3 4 4 
2 2 3 1 
2 2 3 1 
NV35583 NE35554 SE35549 SV35552 3 0 2 1 - 1


turn: 3
1 3 4 4 
1 3 4 4 
2 2 3 1 
2 2 3 1 
NV35596 NE35566 SE35562 SV35552 3 0 1 2 - 2


turn: 4
1 3 4 4 
1 3 4 4 
2 2 3 1 
2 2 3 1 
NV35609 NE35578 SE35575 SV35552 3 0 1 2 - 2


turn: 5
1 3 4 4 
1 3 4 4 
2 2 3 1 
2 2 3 1 
NV35622 NE35590 SE35588 SV35552 3 0 1 2 - 2


turn: 6
1 3 4 4 
1 3 4 4 
2 2 3 1 
2 2 3 1 
NV35635 NE35602 SE35601 SV35552 3 0 1 2 - 2


turn: 7
1 3 4 4 
1 3 4 4 
2 2 3 1 
2 2 3 1 
NV35648 NE35474 SE35469 SV35552 3 2 0 1 - 1


turn: 8
1 3 4 4 
1 3 4 4 
2 2 3 1 
2 2 3 1 
NV35661 NE35486 SE35482 SV35552 3 2 0 1 - 1


turn: 9
1 3 4 4 
1 3 4 4 
2 2 3 1 
2 2 3 1 
NV35674 NE35498 SE35495 SV35552 3 2 0 1 - 1


turn: 10
1 3 4 4 
1 3 4 4 
2 2 3 1 
2 2 3 1 
NV35687 NE35510 SE35508 SV35552 3 2 0 1 - 1


turn: 11
1 3 4 4 
1 3 4 4 
2 2 3 1 
2 2 3 1 
NV35700 NE35522 SE35521 SV35552 3 2 0 1 - 1


turn: 12
1 3 4 4 
1 3 4 4 
2 2 3 1 
2 2 3 1 
NV35536 NE35534 SE35534 SV35467 3 1 0 2 - 2


turn: 13
1 3 4 4 
1 3 4 4 
2 2 3 1 
2 2 3 1 
NV35557 NE35414 SE35404 SV35467 3 2 0 1 - 1


turn: 14
1 3 4 4 
1 3 4 4 
2 2 3 1 
2 2 3 1 
NV35578 NE35426 SE35417 SV35467 3 2 0 1 - 1


turn: 15
1 3 4 4 
1 3 4 4 
2 2 3 1 
2 2 3 1 
NV35599 NE35438 SE35430 SV35467 3 2 0 1 - 1


turn: 16
1 3 4 4 
1 3 4 4 
2 2 3 1 
2 2 3 1 
NV35620 NE35450 SE35443 SV35467 3 2 0 1 - 1


turn: 17
1 3 4 4 
1 3 4 4 
2 2 3 1 
2 2 3 1 
NV35641 NE35462 SE35456 SV35467 3 2 0 1 - 1


turn: 18
1 3 4 4 
1 3 4 4 
2 2 3 1 
2 2 3 1 
NV35662 NE35474 SE35469 SV35467 3 0 1 2 - 2


turn: 19
1 3 4 4 
1 3 4 4 
2 2 3 1 
2 2 3 1 
NV35683 NE35354 SE35339 SV35467 3 2 0 1 - 1


turn: 20
1 3 4 4 
1 3 4 4 
2 2 3 1 
2 2 3 1 
NV35704 NE35366 SE35352 SV35467 3 2 0 1 - 1


turn: 21
1 3 4 4 
1 3 4 4 
2 2 3 1 
2 2 3 1 
NV35725 NE35378 SE35352 SV35467 3 2 0 1 - 1


turn: 22
1 3 4 4 
1 3 4 4 
2 2 3 1 
2 2 3 1 
NV35596 NE35390 SE35373 SV35396 3 2 0 1 - 1


turn: 23
1 3 4 4 
1 3 4 4 
2 2 3 1 
2 2 3 1 
NV35375 NE35402 SE35356 SV35276 0 3 1 2 - 2


turn: 24
1 3 4 4 
1 3 4 4 
2 2 3 1 
2 2 3 1 
NV35413 NE35414 SE35384 SV35276 0 3 1 2 - 2


turn: 25
1 3 4 4 
1 3 4 4 
2 2 3 1 
2 2 3 1 
NV35451 NE35294 SE35412 SV35276 3 1 0 2 - 2


turn: 26
1 3 4 4 
1 3 4 4 
2 2 3 1 
2 2 3 1 
NV35489 NE35306 SE35440 SV35276 3 1 0 2 - 2


turn: 27
1 3 4 4 
1 3 4 4 
2 2 3 1 
2 2 3 1 
NV35527 NE35318 SE35295 SV35276 3 0 1 2 - 2


turn: 28
1 3 4 4 
1 3 4 4 
2 2 3 1 
2 2 3 1 
NV35565 NE35330 SE35323 SV35276 3 0 1 2 - 2


turn: 29
1 3 4 4 
1 3 4 4 
2 2 3 1 
2 2 3 1 
NV35238 NE35304 SE35204 SV35102 0 3 1 2 - 2


turn: 30
1 3 4 4 
1 3 4 4 
2 2 3 1 
2 2 3 1 
NV35295 NE35323 SE35199 SV35102 0 3 1 2 - 2


turn: 31
1 3 4 4 
1 3 4 4 
2 2 3 1 
2 2 3 1 
NV35352 NE35276 SE35235 SV35102 3 0 1 2 - 2


turn: 32
1 3 4 4 
1 3 4 4 
2 2 3 1 
2 2 3 1 
NV35409 NE35260 SE35271 SV35102 3 1 0 2 - 2


turn: 33
1 3 4 4 
1 3 4 4 
2 2 3 1 
2 2 3 1 
NV35300 NE35286 SE35219 SV35023 3 0 1 2 - 2


turn: 34
1 3 4 4 
1 3 4 4 
2 2 3 1 
2 2 3 1 
NV35366 NE35312 SE35255 SV35023 3 0 1 2 - 2


turn: 35
1 3 4 4 
1 3 4 4 
2 2 3 1 
2 2 3 1 
NV35432 NE35332 SE35148 SV35023 3 0 1 2 - 2


turn: 36
1 3 4 4 
1 3 4 4 
2 2 3 1 
2 2 3 1 
NV35375 NE35249 SE34983 SV34967 3 0 1 2 - 2


turn: 37
1 3 4 4 
1 3 4 4 
2 2 3 1 
2 2 3 1 
NV35307 NE35269 SE35026 SV34900 3 0 1 2 - 2


turn: 38
1 3 4 4 
1 3 4 4 
2 2 3 1 
2 2 3 1 
NV35394 NE35154 SE35069 SV34900 3 0 1 2 - 2


turn: 39
1 3 4 4 
1 3 4 4 
2 2 3 1 
2 2 3 1 
NV35481 NE35180 SE35112 SV34900 3 0 1 2 - 2


turn: 40
1 3 4 4 
1 3 4 4 
2 2 3 1 
2 2 3 1 
NV35335 NE35206 SE35155 SV34900 3 0 1 2 - 2


turn: 41
1 3 4 4 
1 3 4 4 
2 2 3 1 
2 2 3 1 
NV35420 NE35226 SE35055 SV34900 3 0 1 2 - 2


turn: 42
1 3 4 4 
1 3 4 4 
2 2 3 1 
2 2 3 1 
NV35291 NE35131 SE34846 SV34900 3 0 2 1 - 1


turn: 43
1 3 4 4 
1 3 4 4 
2 2 3 1 
2 2 3 1 
NV34957 NE35024 SE34898 SV34578 0 3 1 2 - 2


turn: 44
1 3 4 4 
1 3 4 4 
2 2 3 1 
2 2 3 1 
NV35089 NE35050 SE34839 SV34347 3 0 1 2 - 2


turn: 45
1 3 4 4 
1 3 4 4 
2 2 3 1 
2 2 3 1 
NV34639 NE35076 SE34891 SV34272 0 1 3 2 - 2


turn: 46
1 3 4 4 
1 3 4 4 
2 2 3 1 
2 2 3 1 
NV34796 NE35102 SE34943 SV34272 0 1 3 2 - 2


turn: 47
1 3 4 4 
1 3 4 4 
2 2 3 1 
2 2 3 1 
NV34945 NE35122 SE34852 SV34272 0 3 1 2 - 2


turn: 48
1 3 4 4 
1 3 4 4 
2 2 3 1 
2 2 3 1 
NV35092 NE35015 SE34584 SV34272 3 0 1 2 - 2


turn: 49
1 3 4 4 
1 3 4 4 
2 2 3 1 
2 2 3 1 
NV35249 NE34962 SE34619 SV34272 3 0 1 2 - 2


turn: 50
1 3 4 4 
1 3 4 4 
2 2 3 1 
2 2 3 1 
NV34952 NE34970 SE34594 SV33981 0 3 1 2 - 2


turn: 51
1 3 4 4 
1 3 4 4 
2 2 3 1 
2 2 3 1 
NV34804 NE35011 SE34668 SV33910 0 3 1 2 - 2


turn: 52
1 3 4 4 
1 3 4 4 
2 2 3 1 
2 2 3 1 
NV34633 NE35052 SE34742 SV33671 0 1 3 2 - 2


turn: 53
1 3 4 4 
1 3 4 4 
2 2 3 1 
2 2 3 1 
NV34451 NE35002 SE34746 SV33420 0 1 3 2 - 2


turn: 54
1 3 4 4 
1 3 4 4 
2 2 3 1 
2 2 3 1 
NV34304 NE35030 SE34371 SV33420 0 1 3 2 - 2


turn: 55
1 3 4 4 
1 3 4 4 
2 2 3 1 
2 2 3 1 
NV34174 NE34923 SE34233 SV33337 0 1 3 2 - 2


turn: 56
1 3 4 4 
1 3 4 4 
2 2 3 1 
2 2 3 1 
NV34398 NE34736 SE34328 SV33337 0 3 1 2 - 2


turn: 57
1 3 4 4 
1 3 4 4 
2 2 3 1 
2 2 3 1 
NV34597 NE34764 SE34423 SV33228 0 3 1 2 - 2


turn: 58
1 3 4 4 
1 3 4 4 
2 2 3 1 
2 2 3 1 
NV34371 NE34813 SE34479 SV32832 0 1 3 2 - 2


turn: 59
1 3 4 4 
1 3 4 4 
2 2 3 1 
2 2 3 1 
NV34383 NE34856 SE34401 SV32753 0 1 3 2 - 2


turn: 60
1 3 4 4 
1 3 4 4 
2 2 3 1 
2 2 3 1 
NV34432 NE34892 SE34098 SV32497 0 3 1 2 - 2


turn: 61
1 3 4 4 
1 3 4 4 
2 2 3 1 
2 2 3 1 
NV34069 NE34927 SE33957 SV32497 0 3 1 2 - 2


turn: 62
1 3 4 4 
1 3 4 4 
2 2 3 1 
2 2 3 1 
NV34161 NE34730 SE34031 SV32423 0 3 1 2 - 2


turn: 63
1 3 4 4 
1 3 4 4 
2 2 3 1 
2 2 3 1 
NV34221 NE34640 SE34157 SV32172 0 3 1 2 - 2


turn: 64
1 3 4 4 
1 3 4 4 
2 2 3 1 
2 2 3 1 
NV34272 NE34604 SE34098 SV32072 0 3 1 2 - 2


turn: 65
1 3 4 4 
1 3 4 4 
2 2 3 1 
2 2 3 1 
NV33654 NE34665 SE34109 SV31801 0 1 3 2 - 2


turn: 66
1 3 4 4 
1 3 4 4 
2 2 3 1 
2 2 3 1 
NV33883 NE34719 SE33990 SV31659 0 1 3 2 - 2


turn: 67
1 3 4 4 
1 3 4 4 
2 2 3 1 
2 2 3 1 
NV33455 NE34602 SE33714 SV31556 0 1 3 2 - 2


turn: 68
1 3 4 4 
1 3 4 4 
2 2 3 1 
2 2 3 1 
NV33304 NE34581 SE33511 SV31096 0 1 3 2 - 2


turn: 69
1 3 4 4 
1 3 4 4 
2 2 3 1 
2 2 3 1 
NV33645 NE34462 SE33424 SV30833 0 3 1 2 - 2


turn: 70
1 3 4 4 
1 3 4 4 
2 2 3 1 
2 2 3 1 
NV33350 NE34431 SE33450 SV30648 0 1 3 2 - 2


turn: 71
1 3 4 4 
1 3 4 4 
2 2 3 1 
2 2 3 1 
NV33069 NE34428 SE33568 SV30567 0 1 3 2 - 2


turn: 72
1 3 4 4 
1 3 4 4 
2 2 3 1 
2 2 3 1 
NV33007 NE34505 SE33637 SV30302 0 1 3 2 - 2


turn: 73
1 3 4 4 
1 3 4 4 
2 2 3 1 
2 2 3 1 
NV32470 NE34446 SE33133 SV30302 0 1 3 2 - 2


turn: 74
1 3 4 4 
1 3 4 4 
2 2 3 1 
2 2 3 1 
NV32345 NE34539 SE32948 SV29861 0 1 3 2 - 2


turn: 75
1 3 4 4 
1 3 4 4 
2 2 3 1 
2 2 3 1 
NV32675 NE34450 SE32821 SV29476 0 1 3 2 - 2


turn: 76
1 3 4 4 
1 3 4 4 
2 2 3 1 
2 2 3 1 
NV31177 NE34253 SE32860 SV29191 0 1 3 2 - 2


turn: 77
1 3 4 4 
1 3 4 4 
2 2 3 1 
2 2 3 1 
NV31419 NE34008 SE32866 SV29191 0 1 3 2 - 2


turn: 78
1 3 4 4 
1 3 4 4 
2 2 3 1 
2 2 3 1 
NV31539 NE33980 SE32719 SV28780 0 1 3 2 - 2


turn: 79
1 3 4 4 
1 3 4 4 
2 2 3 1 
2 2 3 1 
NV31342 NE33929 SE32344 SV28669 0 1 3 2 - 2


turn: 80
1 3 4 4 
1 3 4 4 
2 2 3 1 
2 2 3 1 
NV31312 NE33934 SE32265 SV28578 0 1 3 2 - 2


turn: 81
1 3 4 4 
1 3 4 4 
2 2 3 1 
2 2 3 1 
NV31406 NE33762 SE31982 SV28206 0 1 3 2 - 2


turn: 82
1 3 4 4 
1 3 4 4 
2 2 3 1 
2 2 3 1 
NV31396 NE33620 SE31493 SV27537 0 1 3 2 - 2


turn: 83
1 3 4 4 
1 3 4 4 
2 2 3 1 
2 2 3 1 
NV31084 NE33753 SE31476 SV27473 0 1 3 2 - 2


turn: 84
1 3 4 4 
1 3 4 4 
2 2 3 1 
2 2 3 1 
NV30842 NE33880 SE31317 SV27418 0 1 3 2 - 2


turn: 85
1 3 4 4 
1 3 4 4 
2 2 3 1 
2 2 3 1 
NV30391 NE33657 SE31526 SV27060 0 1 3 2 - 2


turn: 86
1 3 4 4 
1 3 4 4 
2 2 3 1 
2 2 3 1 
NV30800 NE33456 SE31238 SV26859 0 1 3 2 - 2


turn: 87
1 3 4 4 
1 3 4 4 
2 2 3 1 
2 2 3 1 
NV30291 NE33094 SE31144 SV26384 0 1 3 2 - 2


turn: 88
1 3 4 4 
1 3 4 4 
2 2 3 1 
2 2 3 1 
NV29919 NE32971 SE30368 SV25889 0 1 3 2 - 2


turn: 89
1 3 4 4 
1 3 4 4 
2 2 3 1 
2 2 3 1 
NV30017 NE32948 SE30131 SV25492 0 1 3 2 - 2


turn: 90
1 3 4 4 
1 3 4 4 
2 2 3 1 
2 2 3 1 
NV29874 NE32869 SE29945 SV25122 0 1 3 2 - 2


turn: 91
1 3 4 4 
1 3 4 4 
2 2 3 1 
2 2 3 1 
NV29147 NE33009 SE29886 SV24940 0 1 3 2 - 2


turn: 92
1 3 4 4 
1 3 4 4 
2 2 3 1 
2 2 3 1 
NV29417 NE32997 SE29984 SV24668 0 1 3 2 - 2


turn: 93
1 3 4 4 
1 3 4 4 
2 2 3 1 
2 2 3 1 
NV29918 NE33083 SE29129 SV24102 0 3 1 2 - 2


turn: 94
1 3 4 4 
1 3 4 4 
2 2 3 1 
2 2 3 1 
NV29100 NE32598 SE28438 SV23552 0 3 1 2 - 2


turn: 95
1 3 4 4 
1 3 4 4 
2 2 3 1 
2 2 3 1 
NV28457 NE32657 SE28198 SV23317 0 3 1 2 - 2


turn: 96
1 3 4 4 
1 3 4 4 
2 2 3 1 
2 2 3 1 
NV27950 NE32814 SE28293 SV23055 0 1 3 2 - 2


turn: 97
1 3 4 4 
1 3 4 4 
2 2 3 1 
2 2 3 1 
NV27660 NE32474 SE28176 SV22465 0 1 3 2 - 2


turn: 98
1 3 4 4 
1 3 4 4 
2 2 3 1 
2 2 3 1 
NV28171 NE32289 SE27969 SV22251 0 3 1 2 - 2


turn: 99
1 3 4 4 
1 3 4 4 
2 2 3 1 
2 2 3 1 
NV26897 NE32195 SE27560 SV22005 0 1 3 2 - 2


turn: 100
1 3 4 4 
1 3 4 4 
2 2 3 1 
2 2 3 1 
NV26353 NE31908 SE27233 SV21829 0 1 3 2 - 2


turn: 101
1 3 4 4 
1 3 4 4 
2 2 3 1 
2 2 3 1 
NV26559 NE31525 SE26430 SV21479 0 3 1 2 - 2


turn: 102
1 3 4 4 
1 3 4 4 
2 2 3 1 
2 2 3 1 
NV26256 NE31372 SE25923 SV21041 0 3 1 2 - 2


turn: 103
1 3 4 4 
1 3 4 4 
2 2 3 1 
2 2 3 1 
NV26325 NE31275 SE26025 SV20559 0 3 1 2 - 2


turn: 104
1 3 4 4 
1 3 4 4 
2 2 3 1 
2 2 3 1 
NV26725 NE31755 SE26031 SV20216 0 3 1 2 - 2


turn: 105
1 3 4 4 
1 3 4 4 
2 2 3 1 
2 2 3 1 
NV26689 NE31137 SE26037 SV19836 0 3 1 2 - 2


turn: 106
1 3 4 4 
1 3 4 4 
2 2 3 1 
2 2 3 1 
NV26955 NE29765 SE25572 SV19425 0 3 1 2 - 2


turn: 107
1 3 4 4 
1 3 4 4 
2 2 3 1 
2 2 3 1 
NV26669 NE29453 SE24569 SV18745 0 3 1 2 - 2


turn: 108
1 3 4 4 
1 3 4 4 
2 2 3 1 
2 2 3 1 
NV26723 NE29513 SE24231 SV18613 0 3 1 2 - 2


turn: 109
1 3 4 4 
1 3 4 4 
2 2 3 1 
2 2 3 1 
NV26314 NE29592 SE23776 SV18151 0 3 1 2 - 2


turn: 110
1 3 4 4 
1 3 4 4 
2 2 3 1 
2 2 3 1 
NV25895 NE30005 SE23910 SV17686 0 3 1 2 - 2


turn: 111
1 3 4 4 
1 3 4 4 
2 2 3 1 
2 2 3 1 
NV25351 NE29416 SE24517 SV17211 0 3 1 2 - 2


turn: 112
1 3 4 4 
1 3 4 4 
2 2 3 1 
2 2 3 1 
NV25261 NE29306 SE24756 SV16779 0 3 1 2 - 2


turn: 113
1 3 4 4 
1 3 4 4 
2 2 3 1 
2 2 3 1 
NV25132 NE28203 SE24172 SV16586 0 3 1 2 - 2


turn: 114
1 3 4 4 
1 3 4 4 
2 2 3 1 
2 2 3 1 
NV24943 NE28473 SE23309 SV15785 0 3 1 2 - 2


turn: 115
1 3 4 4 
1 3 4 4 
2 2 3 1 
2 2 3 1 
NV24874 NE28058 SE22695 SV15462 0 3 1 2 - 2


turn: 116
1 3 4 4 
1 3 4 4 
2 2 3 1 
2 2 3 1 
NV24748 NE28441 SE22339 SV15083 0 3 1 2 - 2


turn: 117
1 3 4 4 
1 3 4 4 
2 2 3 1 
2 2 3 1 
NV24425 NE27692 SE22210 SV14717 0 3 1 2 - 2


turn: 118
1 3 4 4 
1 3 4 4 
2 2 3 1 
2 2 3 1 
NV24015 NE27900 SE22474 SV14081 0 3 1 2 - 2


turn: 119
1 3 4 4 
1 3 4 4 
2 2 3 1 
2 2 3 1 
NV22922 NE28006 SE22935 SV13690 0 1 3 2 - 2


turn: 120
1 3 4 4 
1 3 4 4 
2 2 3 1 
2 2 3 1 
NV23441 NE27646 SE22445 SV13655 0 3 1 2 - 2


turn: 121
1 3 4 4 
1 3 4 4 
2 2 3 1 
2 2 3 1 
NV23454 NE27346 SE21730 SV13398 0 3 1 2 - 2


turn: 122
1 3 4 4 
1 3 4 4 
2 2 3 1 
2 2 3 1 
NV23053 NE27240 SE21130 SV13625 0 3 1 2 - 2


turn: 123
1 3 4 4 
1 3 4 4 
2 2 3 1 
2 2 3 1 
NV22875 NE26707 SE20888 SV13997 0 3 1 2 - 2


turn: 124
1 3 4 4 
1 3 4 4 
2 2 3 1 
2 2 3 1 
NV22711 NE26565 SE20647 SV13522 0 3 1 2 - 2


turn: 125
1 3 4 4 
1 3 4 4 
2 2 3 1 
2 2 3 1 
NV22518 NE26451 SE20953 SV12830 0 3 1 2 - 2


turn: 126
1 3 4 4 
1 3 4 4 
2 2 3 1 
2 2 3 1 
NV22086 NE26262 SE20189 SV12729 0 3 1 2 - 2


turn: 127
1 3 4 4 
1 3 4 4 
2 2 3 1 
2 2 3 1 
NV21236 NE26544 SE19570 SV12830 0 3 1 2 - 2


turn: 128
1 3 4 4 
1 3 4 4 
2 2 3 1 
2 2 3 1 
NV20910 NE26142 SE19182 SV12963 0 3 1 2 - 2


turn: 129
1 3 4 4 
1 3 4 4 
2 2 3 1 
2 2 3 1 
NV21176 NE25554 SE18711 SV13063 0 3 1 2 - 2


turn: 130
1 3 4 4 
1 3 4 4 
2 2 3 1 
2 2 3 1 
NV20884 NE25089 SE18517 SV12422 0 3 1 2 - 2


turn: 131
1 3 4 4 
1 3 4 4 
2 2 3 1 
2 2 3 1 
NV20467 NE24995 SE17786 SV12232 0 3 1 2 - 2


turn: 132
1 3 4 4 
1 3 4 4 
2 2 3 1 
2 2 3 1 
NV20617 NE24651 SE17972 SV11669 0 3 1 2 - 2


turn: 133
1 3 4 4 
1 3 4 4 
2 2 3 1 
2 2 3 1 
NV21007 NE24318 SE18001 SV11977 0 3 1 2 - 2


turn: 134
1 3 4 4 
1 3 4 4 
2 2 3 1 
2 2 3 1 
NV19333 NE24165 SE18176 SV11961 0 3 1 2 - 2


turn: 135
1 3 4 4 
1 3 4 4 
2 2 3 1 
2 2 3 1 
NV19417 NE23901 SE17403 SV12579 0 3 1 2 - 2


turn: 136
1 3 4 4 
1 3 4 4 
2 2 3 1 
2 2 3 1 
NV19335 NE23299 SE17381 SV12188 0 3 1 2 - 2


turn: 137
1 3 4 4 
1 3 4 4 
2 2 3 1 
2 2 3 1 
NV18783 NE22488 SE16823 SV11582 0 3 1 2 - 2


turn: 138
1 3 4 4 
1 3 4 4 
2 2 3 1 
2 2 3 1 
NV19001 NE22354 SE16400 SV11030 0 3 1 2 - 2


turn: 139
1 3 4 4 
1 3 4 4 
2 2 3 1 
2 2 3 1 
NV18050 NE22284 SE16305 SV11034 0 3 1 2 - 2


turn: 140
1 3 4 4 
1 3 4 4 
2 2 3 1 
2 2 3 1 
NV17450 NE22281 SE16528 SV11067 0 3 1 2 - 2


turn: 141
1 3 4 4 
1 3 4 4 
2 2 3 1 
2 2 3 1 
NV16773 NE21958 SE16162 SV11221 0 3 1 2 - 2


turn: 142
1 3 4 4 
1 3 4 4 
2 2 3 1 
2 2 3 1 
NV16499 NE21151 SE15768 SV11220 0 3 1 2 - 2


turn: 143
1 3 4 4 
1 3 4 4 
2 2 3 1 
2 2 3 1 
NV16176 NE21266 SE15657 SV11067 0 3 1 2 - 2


turn: 144
1 3 4 4 
1 3 4 4 
2 2 3 1 
2 2 3 1 
NV16369 NE21713 SE14858 SV10187 0 3 1 2 - 2


turn: 145
1 3 4 4 
1 3 4 4 
2 2 3 1 
2 2 3 1 
NV16161 NE21103 SE14399 SV10649 0 3 1 2 - 2


turn: 146
1 3 4 4 
1 3 4 4 
2 2 3 1 
2 2 3 1 
NV15971 NE21023 SE14457 SV10476 0 3 1 2 - 2


turn: 147
1 3 4 4 
1 3 4 4 
2 2 3 1 
2 2 3 1 
NV14915 NE20567 SE14648 SV10349 0 3 1 2 - 2


turn: 148
1 3 4 4 
1 3 4 4 
2 2 3 1 
2 2 3 1 
NV14093 NE19849 SE14820 SV10239 0 1 3 2 - 2


turn: 149
1 3 4 4 
1 3 4 4 
2 2 3 1 
2 2 3 1 
NV13233 NE19654 SE15391 SV9963 0 1 3 2 - 2


turn: 150
1 3 4 4 
1 3 4 4 
2 2 3 1 
2 2 3 1 
NV13541 NE20099 SE14971 SV9559 0 1 3 2 - 2


turn: 151
1 3 4 4 
1 3 4 4 
2 2 3 1 
2 2 3 1 
NV13617 NE19316 SE14484 SV10067 0 1 3 2 - 2


turn: 152
1 3 4 4 
1 3 4 4 
2 2 3 1 
2 2 3 1 
NV13332 NE19248 SE14111 SV9879 0 1 3 2 - 2


turn: 153
1 3 4 4 
1 3 4 4 
2 2 3 1 
2 2 3 1 
NV12746 NE19197 SE13654 SV10481 0 1 3 2 - 2


turn: 154
1 3 4 4 
1 3 4 4 
2 2 3 1 
2 2 3 1 
NV12537 NE18856 SE13228 SV10211 0 1 3 2 - 2


turn: 155
1 3 4 4 
1 3 4 4 
2 2 3 1 
2 2 3 1 
NV12199 NE18544 SE13004 SV10810 0 1 3 2 - 2


turn: 156
1 3 4 4 
1 3 4 4 
2 2 3 1 
2 2 3 1 
NV11357 NE18307 SE12824 SV9897 0 1 3 2 - 2


turn: 157
1 3 4 4 
1 3 4 4 
2 2 3 1 
2 2 3 1 
NV10724 NE17794 SE12940 SV9938 0 1 3 2 - 2


turn: 158
1 3 4 4 
1 3 4 4 
2 2 3 1 
2 2 3 1 
NV10262 NE17944 SE12062 SV9493 0 1 3 2 - 2


turn: 159
1 3 4 4 
1 3 4 4 
2 2 3 1 
2 2 3 1 
NV10440 NE18016 SE11713 SV10020 0 1 3 2 - 2


turn: 160
1 3 4 4 
1 3 4 4 
2 2 3 1 
2 2 3 1 
NV10525 NE17665 SE12183 SV9149 0 1 3 2 - 2


turn: 161
1 3 4 4 
1 3 4 4 
2 2 3 1 
2 2 3 1 
NV9985 NE16795 SE11823 SV9441 0 1 3 2 - 2


turn: 162
1 3 4 4 
1 3 4 4 
2 2 3 1 
2 2 3 1 
NV9501 NE16319 SE11443 SV9249 0 1 3 2 - 2


turn: 163
1 3 4 4 
1 3 4 4 
2 2 3 1 
2 2 3 1 
NV8211 NE15751 SE11512 SV9186 0 1 2 3 - 3


turn: 164
1 3 4 4 
1 3 4 4 
2 2 3 1 
2 2 3 1 
NV8355 NE15538 SE11651 SV8747 0 1 2 3 - 3


turn: 165
1 3 4 4 
1 3 4 4 
2 2 3 1 
2 2 3 1 
NV9305 NE14998 SE11279 SV9272 0 1 3 2 - 2


turn: 166
1 3 4 4 
1 3 4 4 
2 2 3 1 
2 2 3 1 
NV9803 NE14834 SE11670 SV8628 0 1 3 2 - 2


turn: 167
1 3 4 4 
1 3 4 4 
2 2 3 1 
2 2 3 1 
NV9920 NE14460 SE12321 SV8503 0 1 3 2 - 2


turn: 168
1 3 4 4 
1 3 4 4 
2 2 3 1 
2 2 3 1 
NV9506 NE14099 SE12289 SV8553 0 1 3 2 - 2


turn: 169
1 3 4 4 
1 3 4 4 
2 2 3 1 
2 2 3 1 
NV8727 NE13712 SE12273 SV9163 0 1 2 3 - 3


turn: 170
1 3 4 4 
1 3 4 4 
2 2 3 1 
2 2 3 1 
NV8489 NE13919 SE11943 SV8861 0 1 2 3 - 3


turn: 171
1 3 4 4 
1 3 4 4 
2 2 3 1 
2 2 3 1 
NV8353 NE13755 SE11473 SV9989 0 1 2 3 - 3


turn: 172
1 3 4 4 
1 3 4 4 
2 2 3 1 
2 2 3 1 
NV8259 NE14104 SE12104 SV9399 0 1 2 3 - 3


turn: 173
1 3 4 4 
1 3 4 4 
2 2 3 1 
2 2 3 1 
NV8466 NE13337 SE12541 SV8578 0 1 2 3 - 3


turn: 174
1 3 4 4 
1 3 4 4 
2 2 3 1 
2 2 3 1 
NV8110 NE13528 SE12253 SV8040 0 1 3 2 - 2


turn: 175
1 3 4 4 
1 3 4 4 
2 2 3 1 
2 2 3 1 
NV8123 NE13293 SE12213 SV8033 0 1 3 2 - 2


turn: 176
1 3 4 4 
1 3 4 4 
2 2 3 1 
2 2 3 1 
NV8416 NE12392 SE12386 SV7478 0 1 3 2 - 2


turn: 177
1 3 4 4 
1 3 4 4 
2 2 3 1 
2 2 3 1 
NV8873 NE12437 SE12520 SV8065 1 0 3 2 - 2


turn: 178
1 3 4 4 
1 3 4 4 
2 2 3 1 
2 2 3 1 
NV8293 NE12769 SE13351 SV7746 1 0 3 2 - 2


turn: 179
1 3 4 4 
1 3 4 4 
2 2 3 1 
2 2 3 1 
NV8176 NE12854 SE13407 SV7468 1 0 3 2 - 2


turn: 180
1 3 4 4 
1 3 4 4 
2 2 3 1 
2 2 3 1 
NV8345 NE12908 SE13504 SV8115 1 0 3 2 - 2


turn: 181
1 3 4 4 
1 3 4 4 
2 2 3 1 
2 2 3 1 
NV8644 NE12870 SE13002 SV8884 1 0 2 3 - 3


turn: 182
1 3 4 4 
1 3 4 4 
2 2 3 1 
2 2 3 1 
NV9289 NE12352 SE13360 SV9310 1 0 2 3 - 3


turn: 183
1 3 4 4 
1 3 4 4 
2 2 3 1 
2 2 3 1 
NV9601 NE12851 SE12602 SV10193 0 1 2 3 - 3


turn: 184
1 3 4 4 
1 3 4 4 
2 2 3 1 
2 2 3 1 
NV9401 NE13351 SE12290 SV10631 0 1 2 3 - 3


turn: 185
1 3 4 4 
1 3 4 4 
2 2 3 1 
2 2 3 1 
NV9427 NE13511 SE12435 SV10301 0 1 2 3 - 3


turn: 186
1 3 4 4 
1 3 4 4 
2 2 3 1 
2 2 3 1 
NV10297 NE13568 SE12680 SV9656 0 1 3 2 - 2


turn: 187
1 3 4 4 
1 3 4 4 
2 2 3 1 
2 2 3 1 
NV10505 NE13251 SE13071 SV9994 0 1 3 2 - 2


turn: 188
1 3 4 4 
1 3 4 4 
2 2 3 1 
2 2 3 1 
NV11931 NE11866 SE13350 SV10078 1 3 0 2 - 2


turn: 189
1 3 4 4 
1 3 4 4 
2 2 3 1 
2 2 3 1 
NV11900 NE12387 SE12464 SV10776 1 0 3 2 - 2


turn: 190
1 3 4 4 
1 3 4 4 
2 2 3 1 
2 2 3 1 
NV11961 NE12562 SE11918 SV11473 0 3 1 2 - 2


turn: 191
1 3 4 4 
1 3 4 4 
2 2 3 1 
2 2 3 1 
NV11381 NE12718 SE12134 SV11003 0 1 3 2 - 2


turn: 192
1 3 4 4 
1 3 4 4 
2 2 3 1 
2 2 3 1 
NV11784 NE12934 SE12326 SV10632 0 1 3 2 - 2


turn: 193
1 3 4 4 
1 3 4 4 
2 2 3 1 
2 2 3 1 
NV12386 NE12743 SE12455 SV10382 0 1 3 2 - 2


turn: 194
1 3 4 4 
1 3 4 4 
2 2 3 1 
2 2 3 1 
NV13608 NE12246 SE12659 SV10292 3 1 0 2 - 2


turn: 195
1 3 4 4 
1 3 4 4 
2 2 3 1 
2 2 3 1 
NV12532 NE12535 SE12301 SV11562 0 3 1 2 - 2


turn: 196
1 3 4 4 
1 3 4 4 
2 2 3 1 
2 2 3 1 
NV12821 NE12844 SE12520 SV11135 0 3 1 2 - 2


turn: 197
1 3 4 4 
1 3 4 4 
2 2 3 1 
2 2 3 1 
NV11974 NE13081 SE12227 SV12110 0 1 2 3 - 3


turn: 198
1 3 4 4 
1 3 4 4 
2 2 3 1 
2 2 3 1 
NV11577 NE13127 SE12153 SV11810 0 1 2 3 - 3


turn: 199
1 3 4 4 
1 3 4 4 
2 2 3 1 
2 2 3 1 
NV12383 NE12753 SE12474 SV11390 0 1 3 2 - 2


turn: 200
1 3 4 4 
1 3 4 4 
2 2 3 1 
2 2 3 1 
NV12853 NE12397 SE12748 SV11707 3 1 0 2 - 2


turn: 201
1 3 4 4 
1 3 4 4 
2 2 3 1 
2 2 3 1 
NV13248 NE12605 SE12761 SV11873 3 1 0 2 - 2


turn: 202
1 3 4 4 
1 3 4 4 
2 2 3 1 
2 2 3 1 
NV12673 NE12776 SE12844 SV11816 1 0 3 2 - 2


turn: 203
1 3 4 4 
1 3 4 4 
2 2 3 1 
2 2 3 1 
NV12455 NE12835 SE12848 SV11431 1 0 3 2 - 2


turn: 204
1 3 4 4 
1 3 4 4 
2 2 3 1 
2 2 3 1 
NV12953 NE13105 SE12350 SV12204 0 3 1 2 - 2


turn: 205
1 3 4 4 
1 3 4 4 
2 2 3 1 
2 2 3 1 
NV13231 NE12727 SE12646 SV11968 3 0 1 2 - 2


turn: 206
1 3 4 4 
1 3 4 4 
2 2 3 1 
2 2 3 1 
NV14499 NE12399 SE12855 SV12116 3 1 0 2 - 2


turn: 207
1 3 4 4 
1 3 4 4 
2 2 3 1 
2 2 3 1 
NV14012 NE12713 SE12657 SV12411 3 0 1 2 - 2


turn: 208
1 3 4 4 
1 3 4 4 
2 2 3 1 
2 2 3 1 
NV13378 NE12677 SE13003 SV12233 3 1 0 2 - 2


turn: 209
1 3 4 4 
1 3 4 4 
2 2 3 1 
2 2 3 1 
NV12661 NE13128 SE12894 SV12591 0 1 3 2 - 2


turn: 210
1 3 4 4 
1 3 4 4 
2 2 3 1 
2 2 3 1 
NV11886 NE13386 SE12506 SV12685 0 2 1 3 - 3


turn: 211
1 3 4 4 
1 3 4 4 
2 2 3 1 
2 2 3 1 
NV13317 NE12632 SE12761 SV12234 3 1 0 2 - 2


turn: 212
1 3 4 4 
1 3 4 4 
2 2 3 1 
2 2 3 1 
NV14778 NE12124 SE12827 SV13207 3 2 1 0 - 0


turn: 213
1 3 4 4 
1 3 4 4 
2 2 3 1 
2 2 3 1 
NV14257 NE12512 SE12916 SV12924 3 2 1 0 - 0


turn: 214
1 3 4 4 
1 3 4 4 
2 2 3 1 
2 2 3 1 
NV13352 NE12943 SE13557 SV12490 1 3 0 2 - 2


turn: 215
1 3 4 4 
1 3 4 4 
2 2 3 1 
2 2 3 1 
NV12775 NE13341 SE13377 SV13478 2 1 0 3 - 3


turn: 216
1 3 4 4 
1 3 4 4 
2 2 3 1 
2 2 3 1 
NV12885 NE13373 SE12976 SV13632 2 0 1 3 - 3


turn: 217
1 3 4 4 
1 3 4 4 
2 2 3 1 
2 2 3 1 
NV14005 NE12605 SE12921 SV13443 3 2 1 0 - 0


turn: 218
1 3 4 4 
1 3 4 4 
2 2 3 1 
2 2 3 1 
NV15876 NE11964 SE12618 SV13544 3 2 1 0 - 0


turn: 219
1 3 4 4 
1 3 4 4 
2 2 3 1 
2 2 3 1 
NV15142 NE12318 SE12603 SV14067 3 2 1 0 - 0


turn: 220
1 3 4 4 
1 3 4 4 
2 2 3 1 
2 2 3 1 
NV14445 NE12746 SE13143 SV13377 3 2 1 0 - 0


turn: 221
1 3 4 4 
1 3 4 4 
2 2 3 1 
2 2 3 1 
NV14461 NE12746 SE13143 SV13377 3 2 1 0 - 0


turn: 222
1 3 4 4 
1 3 4 4 
2 2 3 1 
2 2 3 1 
NV14656 NE12746 SE13143 SV13363 3 2 1 0 - 0


turn: 223
1 3 4 4 
1 3 4 4 
2 2 3 1 
2 2 3 1 
NV14798 NE12746 SE13143 SV13340 3 2 1 0 - 0


turn: 224
1 3 4 4 
1 3 4 4 
2 2 3 1 
2 2 3 1 
NV14979 NE12746 SE13143 SV13261 3 2 1 0 - 0


turn: 225
1 3 4 4 
1 3 4 4 
2 2 3 1 
2 2 3 1 
NV14949 NE12746 SE13143 SV13096 3 1 2 0 - 0


turn: 226
1 3 4 4 
1 3 4 4 
2 2 3 1 
2 2 3 1 
NV15174 NE12746 SE13143 SV13022 3 1 2 0 - 0


turn: 227
1 3 4 4 
1 3 4 4 
2 2 3 1 
2 2 3 1 
NV15386 NE12746 SE13125 SV12978 3 1 2 0 - 0


turn: 228
1 3 4 4 
1 3 4 4 
2 2 3 1 
2 2 3 1 
NV15253 NE12746 SE13107 SV12869 3 1 2 0 - 0


turn: 229
1 3 4 4 
1 3 4 4 
2 2 3 1 
2 2 3 1 
NV15359 NE12746 SE13096 SV12346 3 1 0 2 - 2


turn: 230
1 3 4 4 
1 3 4 4 
2 2 3 1 
2 2 3 1 
NV15243 NE12741 SE13084 SV12253 3 1 0 2 - 2


turn: 231
1 3 4 4 
1 3 4 4 
2 2 3 1 
2 2 3 1 
NV14967 NE12725 SE13078 SV12191 3 1 0 2 - 2


turn: 232
1 3 4 4 
1 3 4 4 
2 2 3 1 
2 2 3 1 
NV14896 NE12710 SE13049 SV11938 3 1 0 2 - 2


turn: 233
1 3 4 4 
1 3 4 4 
2 2 3 1 
2 2 3 1 
NV15194 NE12700 SE13007 SV11841 3 1 0 2 - 2


turn: 234
1 3 4 4 
1 3 4 4 
2 2 3 1 
2 2 3 1 
NV15393 NE12700 SE12913 SV11539 3 1 0 2 - 2


turn: 235
1 3 4 4 
1 3 4 4 
2 2 3 1 
2 2 3 1 
NV15121 NE12669 SE12753 SV11250 3 1 0 2 - 2


turn: 236
1 3 4 4 
1 3 4 4 
2 2 3 1 
2 2 3 1 
NV14938 NE12639 SE12726 SV11167 3 1 0 2 - 2


turn: 237
1 3 4 4 
1 3 4 4 
2 2 3 1 
2 2 3 1 
NV14440 NE12638 SE12703 SV11144 3 1 0 2 - 2


turn: 238
1 3 4 4 
1 3 4 4 
2 2 3 1 
2 2 3 1 
NV14503 NE12632 SE12688 SV10778 3 1 0 2 - 2


turn: 239
1 3 4 4 
1 3 4 4 
2 2 3 1 
2 2 3 1 
NV14635 NE12656 SE12661 SV10619 3 1 0 2 - 2


turn: 240
1 3 4 4 
1 3 4 4 
2 2 3 1 
2 2 3 1 
NV14698 NE12584 SE12650 SV10475 3 1 0 2 - 2


turn: 241
1 3 4 4 
1 3 4 4 
2 2 3 1 
2 2 3 1 
NV14505 NE12590 SE12624 SV10453 3 1 0 2 - 2


turn: 242
1 3 4 4 
1 3 4 4 
2 2 3 1 
2 2 3 1 
NV14530 NE12532 SE12604 SV10410 3 1 0 2 - 2


turn: 243
1 3 4 4 
1 3 4 4 
2 2 3 1 
2 2 3 1 
NV14116 NE12511 SE12560 SV10349 3 1 0 2 - 2


turn: 244
1 3 4 4 
1 3 4 4 
2 2 3 1 
2 2 3 1 
NV14240 NE12550 SE12553 SV10266 3 1 0 2 - 2


turn: 245
1 3 4 4 
1 3 4 4 
2 2 3 1 
2 2 3 1 
NV13584 NE12564 SE12537 SV10496 3 0 1 2 - 2


turn: 246
1 3 4 4 
1 3 4 4 
2 2 3 1 
2 2 3 1 
NV13139 NE12488 SE12500 SV10247 3 1 0 2 - 2


turn: 247
1 3 4 4 
1 3 4 4 
2 2 3 1 
2 2 3 1 
NV13302 NE12383 SE12468 SV10088 3 1 0 2 - 2


turn: 248
1 3 4 4 
1 3 4 4 
2 2 3 1 
2 2 3 1 
NV12640 NE12405 SE12406 SV10282 3 1 0 2 - 2


turn: 249
1 3 4 4 
1 3 4 4 
2 2 3 1 
2 2 3 1 
NV13084 NE12114 SE12304 SV10076 3 1 0 2 - 2


turn: 250
1 3 4 4 
1 3 4 4 
2 2 3 1 
2 2 3 1 
NV13078 NE12106 SE12240 SV10284 2 0 1 3 - 3


turn: 251
1 3 4 4 
1 3 4 4 
2 2 3 1 
2 2 3 1 
NV13197 NE11932 SE12173 SV9973 2 0 1 3 - 3


turn: 252
1 3 4 4 
1 3 4 4 
2 2 3 1 
2 2 3 1 
NV13034 NE11864 SE12173 SV10117 2 0 1 3 - 3


turn: 253
1 3 4 4 
1 3 4 4 
2 2 3 1 
2 2 3 1 
NV13142 NE11788 SE12126 SV9674 2 0 1 3 - 3


turn: 254
1 3 4 4 
1 3 4 4 
2 2 3 1 
2 2 3 1 
NV12400 NE11794 SE12087 SV9691 2 0 1 3 - 3


turn: 255
1 3 4 4 
1 3 4 4 
2 2 3 1 
2 2 3 1 
NV12403 NE11606 SE12030 SV8935 2 0 1 3 - 3


turn: 256
1 3 4 4 
1 3 4 4 
2 2 3 1 
2 2 3 1 
NV12293 NE11621 SE11913 SV8907 2 0 1 3 - 3


turn: 257
1 3 4 4 
1 3 4 4 
2 2 3 1 
2 2 3 1 
NV12773 NE11506 SE11883 SV8723 2 0 1 3 - 3


turn: 258
1 3 4 4 
1 3 4 4 
2 2 3 1 
2 2 3 1 
NV11913 NE11142 SE11842 SV8370 2 0 1 3 - 3


turn: 259
1 3 4 4 
1 3 4 4 
2 2 3 1 
2 2 3 1 
NV11771 NE10964 SE11729 SV8225 2 0 1 3 - 3


turn: 260
1 3 4 4 
1 3 4 4 
2 2 3 1 
2 2 3 1 
NV11631 NE10704 SE11636 SV8225 2 0 3 1 - 1


turn: 261
1 3 4 4 
1 3 4 4 
2 2 3 1 
2 2 3 1 
NV11791 NE10585 SE11562 SV8131 2 0 1 3 - 3


turn: 262
1 3 4 4 
1 3 4 4 
2 2 3 1 
2 2 3 1 
NV11947 NE10352 SE11464 SV7703 2 0 1 3 - 3


turn: 263
1 3 4 4 
1 3 4 4 
2 2 3 1 
2 2 3 1 
NV11073 NE9700 SE11324 SV7880 2 0 3 1 - 1


turn: 264
1 3 4 4 
1 3 4 4 
2 2 3 1 
2 2 3 1 
NV11018 NE9857 SE11195 SV7881 2 0 3 1 - 1


turn: 265
1 3 4 4 
1 3 4 4 
2 2 3 1 
2 2 3 1 
NV11159 NE9564 SE11071 SV7892 2 0 1 3 - 3


turn: 266
1 3 4 4 
1 3 4 4 
2 2 3 1 
2 2 3 1 
NV11689 NE9220 SE10613 SV7507 2 0 1 3 - 3


turn: 267
1 3 4 4 
1 3 4 4 
2 2 3 1 
2 2 3 1 
NV11208 NE9140 SE10546 SV7594 2 0 1 3 - 3


turn: 268
1 3 4 4 
1 3 4 4 
2 2 3 1 
2 2 3 1 
NV11482 NE8874 SE10222 SV7511 2 0 1 3 - 3


turn: 269
1 3 4 4 
1 3 4 4 
2 2 3 1 
2 2 3 1 
NV10887 NE8453 SE9941 SV7746 2 0 1 3 - 3


turn: 270
1 3 4 4 
1 3 4 4 
2 2 3 1 
2 2 3 1 
NV10671 NE8204 SE9689 SV7226 2 0 1 3 - 3


turn: 271
1 3 4 4 
1 3 4 4 
2 2 3 1 
2 2 3 1 
NV10862 NE8440 SE9397 SV6989 2 0 1 3 - 3


turn: 272
1 3 4 4 
1 3 4 4 
2 2 3 1 
2 2 3 1 
NV10823 NE7816 SE8936 SV6993 2 0 1 3 - 3


turn: 273
1 3 4 4 
1 3 4 4 
2 2 3 1 
2 2 3 1 
NV11000 NE7625 SE8606 SV6715 2 0 1 3 - 3


turn: 274
1 3 4 4 
1 3 4 4 
2 2 3 1 
2 2 3 1 
NV10745 NE7613 SE8096 SV7003 2 0 1 3 - 3


turn: 275
1 3 4 4 
1 3 4 4 
2 2 3 1 
2 2 3 1 
NV10695 NE7203 SE7347 SV7012 2 0 1 3 - 3


turn: 276
1 3 4 4 
1 3 4 4 
2 2 3 1 
2 2 3 1 
NV10306 NE7287 SE7143 SV6895 2 1 0 3 - 3


turn: 277
1 3 4 4 
1 3 4 4 
2 2 3 1 
2 2 3 1 
NV10054 NE6728 SE6969 SV6829 0 2 1 3 - 3


turn: 278
1 3 4 4 
1 3 4 4 
2 2 3 1 
2 2 3 1 
NV10008 NE6277 SE6716 SV6541 0 2 1 3 - 3


turn: 279
1 3 4 4 
1 3 4 4 
2 2 3 1 
2 2 3 1 
NV9870 NE6209 SE6355 SV6385 0 1 2 3 - 3


turn: 280
1 3 4 4 
1 3 4 4 
2 2 3 1 
2 2 3 1 
NV10227 NE5997 SE6337 SV6518 0 1 2 3 - 3


turn: 281
1 3 4 4 
1 3 4 4 
2 2 3 1 
2 2 3 1 
NV10188 NE5546 SE6109 SV6738 0 1 2 3 - 3


turn: 282
1 3 4 4 
1 3 4 4 
2 2 3 1 
2 2 3 1 
NV10299 NE5418 SE5805 SV6614 0 1 2 3 - 3


turn: 283
1 3 4 4 
1 3 4 4 
2 2 3 1 
2 2 3 1 
NV9950 NE5116 SE5310 SV7056 0 1 2 3 - 3


turn: 284
1 3 4 4 
1 3 4 4 
2 2 3 1 
2 2 3 1 
NV10094 NE4773 SE5255 SV6773 0 1 2 3 - 3


turn: 285
1 3 4 4 
1 3 4 4 
2 2 3 1 
2 2 3 1 
NV10032 NE4817 SE4860 SV6696 0 1 2 3 - 3


turn: 286
1 3 4 4 
1 3 4 4 
2 2 3 1 
2 2 3 1 
NV9941 NE4470 SE4860 SV6772 0 1 2 3 - 3


turn: 287
1 3 4 4 
1 3 4 4 
2 2 3 1 
2 2 3 1 
NV10086 NE4395 SE4610 SV6688 0 1 2 3 - 3


turn: 288
1 3 4 4 
1 3 4 4 
2 2 3 1 
2 2 3 1 
NV9586 NE4376 SE4230 SV6791 1 0 2 3 - 3


turn: 289
1 3 4 4 
1 3 4 4 
2 2 3 1 
2 2 3 1 
NV9630 NE4523 SE4025 SV6727 1 0 2 3 - 3


turn: 290
1 3 4 4 
1 3 4 4 
2 2 3 1 
2 2 3 1 
NV9482 NE4154 SE3825 SV6661 1 0 2 3 - 3


turn: 291
1 3 4 4 
1 3 4 4 
2 2 3 1 
2 2 3 1 
NV9207 NE3802 SE3825 SV6698 0 1 2 3 - 3


turn: 292
1 3 4 4 
1 3 4 4 
2 2 3 1 
2 2 3 1 
NV9241 NE3879 SE3825 SV6622 1 0 2 3 - 3


turn: 293
1 3 4 4 
1 3 4 4 
2 2 3 1 
2 2 3 1 
NV8970 NE4055 SE3825 SV6685 1 0 2 3 - 3


turn: 294
1 3 4 4 
1 3 4 4 
2 2 3 1 
2 2 3 1 
NV8875 NE3919 SE3825 SV6523 1 0 2 3 - 3


turn: 295
1 3 4 4 
1 3 4 4 
2 2 3 1 
2 2 3 1 
NV7860 NE3880 SE3825 SV6672 1 0 2 3 - 3


turn: 296
1 3 4 4 
1 3 4 4 
2 2 3 1 
2 2 3 1 
NV7586 NE3219 SE3825 SV6490 0 1 2 3 - 3


turn: 297
1 3 4 4 
1 3 4 4 
2 2 3 1 
2 2 3 1 
NV7436 NE3398 SE3825 SV6696 0 1 2 3 - 3


turn: 298
1 3 4 4 
1 3 4 4 
2 2 3 1 
2 2 3 1 
NV7288 NE3850 SE3825 SV6406 1 0 2 3 - 3


turn: 299
1 3 4 4 
1 3 4 4 
2 2 3 1 
2 2 3 1 
NV6849 NE3751 SE3825 SV6631 0 1 2 3 - 3


turn: 300
1 3 4 4 
1 3 4 4 
2 2 3 1 
2 2 3 1 
NV7458 NE3217 SE3825 SV6389 0 1 2 3 - 3


turn: 301
1 3 4 4 
1 3 4 4 
2 2 3 1 
2 2 3 1 
NV7133 NE2526 SE3825 SV6626 0 1 2 3 - 3


turn: 302
1 3 4 4 
1 3 4 4 
2 2 3 1 
2 2 3 1 
NV7168 NE2827 SE3825 SV6386 0 1 2 3 - 3


turn: 303
1 3 4 4 
1 3 4 4 
2 2 3 1 
2 2 3 1 
NV6999 NE3052 SE3825 SV6608 0 1 2 3 - 3


turn: 304
1 3 4 4 
1 3 4 4 
2 2 3 1 
2 2 3 1 
NV7078 NE3290 SE3825 SV6120 0 1 2 3 - 3


turn: 305
1 3 4 4 
1 3 4 4 
2 2 3 1 
2 2 3 1 
NV6440 NE3755 SE3825 SV6470 0 1 3 2 - 2


turn: 306
1 3 4 4 
1 3 4 4 
2 2 3 1 
2 2 3 1 
NV6804 NE3491 SE3825 SV6206 0 1 2 3 - 3


turn: 307
1 3 4 4 
1 3 4 4 
2 2 3 1 
2 2 3 1 
NV6961 NE3114 SE3825 SV6145 0 1 2 3 - 3


turn: 308
1 3 4 4 
1 3 4 4 
2 2 3 1 
2 2 3 1 
NV6582 NE3258 SE3825 SV6120 0 1 2 3 - 3


turn: 309
1 3 4 4 
1 3 4 4 
2 2 3 1 
2 2 3 1 
NV6452 NE3183 SE3825 SV6215 0 1 2 3 - 3


turn: 310
1 3 4 4 
1 3 4 4 
2 2 3 1 
2 2 3 1 
NV6501 NE3458 SE3825 SV6219 0 1 2 3 - 3


turn: 311
1 3 4 4 
1 3 4 4 
2 2 3 1 
2 2 3 1 
NV6068 NE3851 SE3825 SV6289 1 0 3 2 - 2


turn: 312
1 3 4 4 
1 3 4 4 
2 2 3 1 
2 2 3 1 
NV6413 NE3555 SE3825 SV6204 0 1 2 3 - 3


turn: 313
1 3 4 4 
1 3 4 4 
2 2 3 1 
2 2 3 1 
NV6064 NE3263 SE3825 SV6412 0 1 3 2 - 2


turn: 314
1 3 4 4 
1 3 4 4 
2 2 3 1 
2 2 3 1 
NV5723 NE3290 SE3825 SV6214 0 1 3 2 - 2


turn: 315
1 3 4 4 
1 3 4 4 
2 2 3 1 
2 2 3 1 
NV5648 NE3402 SE3825 SV6200 0 1 3 2 - 2


turn: 316
1 3 4 4 
1 3 4 4 
2 2 3 1 
2 2 3 1 
NV5628 NE3248 SE3825 SV6375 0 1 3 2 - 2


turn: 317
1 3 4 4 
1 3 4 4 
2 2 3 1 
2 2 3 1 
NV5488 NE3188 SE3825 SV6288 0 1 3 2 - 2


turn: 318
1 3 4 4 
1 3 4 4 
2 2 3 1 
2 2 3 1 
NV5807 NE2610 SE3825 SV6202 0 1 3 2 - 2


turn: 319
1 3 4 4 
1 3 4 4 
2 2 3 1 
2 2 3 1 
NV5797 NE2798 SE3825 SV6198 0 1 3 2 - 2


turn: 320
1 3 4 4 
1 3 4 4 
2 2 3 1 
2 2 3 1 
NV5414 NE3300 SE3825 SV6242 0 1 3 2 - 2


turn: 321
1 3 4 4 
1 3 4 4 
2 2 3 1 
2 2 3 1 
NV5163 NE3526 SE3825 SV6170 0 1 3 2 - 2


turn: 322
1 3 4 4 
1 3 4 4 
2 2 3 1 
2 2 3 1 
NV5251 NE3315 SE3825 SV6190 0 1 3 2 - 2


turn: 323
1 3 4 4 
1 3 4 4 
2 2 3 1 
2 2 3 1 
NV5059 NE3302 SE3825 SV6158 0 1 3 2 - 2


turn: 324
1 3 4 4 
1 3 4 4 
2 2 3 1 
2 2 3 1 
NV5300 NE2691 SE3825 SV6172 0 1 3 2 - 2


turn: 325
1 3 4 4 
1 3 4 4 
2 2 3 1 
2 2 3 1 
NV5556 NE2459 SE3825 SV6145 0 1 3 2 - 2


turn: 326
1 3 4 4 
1 3 4 4 
2 2 3 1 
2 2 3 1 
NV5350 NE2979 SE3825 SV6218 0 1 3 2 - 2


turn: 327
1 3 4 4 
1 3 4 4 
2 2 3 1 
2 2 3 1 
NV5089 NE3300 SE3825 SV6230 0 1 3 2 - 2


turn: 328
1 3 4 4 
1 3 4 4 
2 2 3 1 
2 2 3 1 
NV5156 NE3295 SE3825 SV6445 0 1 3 2 - 2


turn: 329
1 3 4 4 
1 3 4 4 
2 2 3 1 
2 2 3 1 
NV5177 NE3335 SE3825 SV6398 0 1 3 2 - 2


turn: 330
1 3 4 4 
1 3 4 4 
2 2 3 1 
2 2 3 1 
NV5312 NE2619 SE3825 SV6328 0 1 3 2 - 2


turn: 331
1 3 4 4 
1 3 4 4 
2 2 3 1 
2 2 3 1 
NV5248 NE2479 SE3828 SV6269 0 1 3 2 - 2


turn: 332
1 3 4 4 
1 3 4 4 
2 2 3 1 
2 2 3 1 
NV4815 NE3002 SE3825 SV6346 0 1 3 2 - 2


turn: 333
1 3 4 4 
1 3 4 4 
2 2 3 1 
2 2 3 1 
NV4691 NE3090 SE3825 SV6259 0 1 3 2 - 2


turn: 334
1 3 4 4 
1 3 4 4 
2 2 3 1 
2 2 3 1 
NV4860 NE3144 SE3825 SV6179 0 1 3 2 - 2


turn: 335
1 3 4 4 
1 3 4 4 
2 2 3 1 
2 2 3 1 
NV4503 NE3023 SE3825 SV6155 0 1 3 2 - 2


turn: 336
1 3 4 4 
1 3 4 4 
2 2 3 1 
2 2 3 1 
NV4287 NE2959 SE3971 SV6183 0 1 3 2 - 2


turn: 337
1 3 4 4 
1 3 4 4 
2 2 3 1 
2 2 3 1 
NV4449 NE2959 SE3885 SV6161 0 1 3 2 - 2


turn: 338
1 3 4 4 
1 3 4 4 
2 2 3 1 
2 2 3 1 
NV4339 NE3295 SE3870 SV6132 0 1 3 2 - 2


turn: 339
1 3 4 4 
1 3 4 4 
2 2 3 1 
2 2 3 1 
NV4457 NE3219 SE3828 SV6129 0 1 3 2 - 2


turn: 340
1 3 4 4 
1 3 4 4 
2 2 3 1 
2 2 3 1 
NV4242 NE3123 SE4090 SV6210 0 1 3 2 - 2


turn: 341
1 3 4 4 
1 3 4 4 
2 2 3 1 
2 2 3 1 
NV4182 NE3396 SE4080 SV6186 0 1 3 2 - 2


turn: 342
1 3 4 4 
1 3 4 4 
2 2 3 1 
2 2 3 1 
NV4000 NE3297 SE4424 SV6176 0 3 1 2 - 2


turn: 343
1 3 4 4 
1 3 4 4 
2 2 3 1 
2 2 3 1 
NV4127 NE3222 SE4258 SV6125 0 3 1 2 - 2


turn: 344
1 3 4 4 
1 3 4 4 
2 2 3 1 
2 2 3 1 
NV3762 NE3234 SE4351 SV6124 0 3 1 2 - 2


turn: 345
1 3 4 4 
1 3 4 4 
2 2 3 1 
2 2 3 1 
NV3734 NE3375 SE4307 SV6120 0 3 1 2 - 2


turn: 346
1 3 4 4 
1 3 4 4 
2 2 3 1 
2 2 3 1 
NV3738 NE2960 SE4551 SV6120 0 3 1 2 - 2


turn: 347
1 3 4 4 
1 3 4 4 
2 2 3 1 
2 2 3 1 
NV3767 NE3003 SE4494 SV6123 0 3 1 2 - 2


turn: 348
1 3 4 4 
1 3 4 4 
2 2 3 1 
2 2 3 1 
NV3635 NE3014 SE4497 SV6120 0 3 1 2 - 2


turn: 349
1 3 4 4 
1 3 4 4 
2 2 3 1 
2 2 3 1 
NV3623 NE2736 SE4607 SV6124 0 3 1 2 - 2


turn: 350
1 3 4 4 
1 3 4 4 
2 2 3 1 
2 2 3 1 
NV3164 NE3052 SE4588 SV6120 0 3 1 2 - 2


turn: 351
1 3 4 4 
1 3 4 4 
2 2 3 1 
2 2 3 1 
NV3119 NE3011 SE4764 SV6124 0 3 1 2 - 2


turn: 352
1 3 4 4 
1 3 4 4 
2 2 3 1 
2 2 3 1 
NV3013 NE3094 SE4733 SV6121 3 0 1 2 - 2


turn: 353
1 3 4 4 
1 3 4 4 
2 2 3 1 
2 2 3 1 
NV2996 NE3093 SE4702 SV6124 3 0 1 2 - 2


turn: 354
1 3 4 4 
1 3 4 4 
2 2 3 1 
2 2 3 1 
NV2822 NE3039 SE4683 SV6122 3 0 1 2 - 2


turn: 355
1 3 4 4 
1 3 4 4 
2 2 3 1 
2 2 3 1 
NV2689 NE2498 SE4862 SV6124 0 3 1 2 - 2


turn: 356
1 3 4 4 
1 3 4 4 
2 2 3 1 
2 2 3 1 
NV2379 NE2870 SE4704 SV6123 3 0 1 2 - 2


turn: 357
1 3 4 4 
1 3 4 4 
2 2 3 1 
2 2 3 1 
NV2543 NE2373 SE4957 SV6124 0 3 1 2 - 2


turn: 358
1 3 4 4 
1 3 4 4 
2 2 3 1 
2 2 3 1 
NV2539 NE2385 SE4820 SV6126 0 3 1 2 - 2


turn: 359
1 3 4 4 
1 3 4 4 
2 2 3 1 
2 2 3 1 
NV2467 NE2309 SE4868 SV6123 0 3 1 2 - 2


turn: 360
1 3 4 4 
1 3 4 4 
2 2 3 1 
2 2 3 1 
NV2498 NE2275 SE4797 SV6130 0 3 1 2 - 2


turn: 361
1 3 4 4 
1 3 4 4 
2 2 3 1 
2 2 3 1 
NV2472 NE2220 SE4786 SV6126 0 3 1 2 - 2


turn: 362
1 3 4 4 
1 3 4 4 
2 2 3 1 
2 2 3 1 
NV2476 NE2018 SE4778 SV6126 0 3 1 2 - 2


turn: 363
1 3 4 4 
1 3 4 4 
2 2 3 1 
2 2 3 1 
NV2497 NE2055 SE4685 SV6128 0 3 1 2 - 2


turn: 364
1 3 4 4 
1 3 4 4 
2 2 3 1 
2 2 3 1 
NV2386 NE2443 SE4440 SV6127 3 0 1 2 - 2


turn: 365
1 3 4 4 
1 3 4 4 
2 2 3 1 
2 2 3 1 
NV2477 NE2504 SE4423 SV6132 3 0 1 2 - 2


turn: 366
1 3 4 4 
1 3 4 4 
2 2 3 1 
2 2 3 1 
NV2526 NE2519 SE4352 SV6130 0 3 1 2 - 2


turn: 367
1 3 4 4 
1 3 4 4 
2 2 3 1 
2 2 3 1 
NV2621 NE2507 SE4378 SV6130 0 3 1 2 - 2


turn: 368
1 3 4 4 
1 3 4 4 
2 2 3 1 
2 2 3 1 
NV2710 NE2194 SE4423 SV6136 0 3 1 2 - 2


turn: 369
1 3 4 4 
1 3 4 4 
2 2 3 1 
2 2 3 1 
NV2486 NE2357 SE4369 SV6136 0 3 1 2 - 2


turn: 370
1 3 4 4 
1 3 4 4 
2 2 3 1 
2 2 3 1 
NV2550 NE2308 SE4438 SV6152 0 3 1 2 - 2


turn: 371
1 3 4 4 
1 3 4 4 
2 2 3 1 
2 2 3 1 
NV2530 NE2390 SE4454 SV6156 0 3 1 2 - 2


turn: 372
1 3 4 4 
1 3 4 4 
2 2 3 1 
2 2 3 1 
NV2644 NE2512 SE4378 SV6155 0 3 1 2 - 2


turn: 373
1 3 4 4 
1 3 4 4 
2 2 3 1 
2 2 3 1 
NV2684 NE2445 SE4460 SV6153 0 3 1 2 - 2


turn: 374
1 3 4 4 
1 3 4 4 
2 2 3 1 
2 2 3 1 
NV2596 NE2455 SE4489 SV6162 0 3 1 2 - 2


turn: 375
1 3 4 4 
1 3 4 4 
2 2 3 1 
2 2 3 1 
NV2522 NE2413 SE4540 SV6168 0 3 1 2 - 2


turn: 376
1 3 4 4 
1 3 4 4 
2 2 3 1 
2 2 3 1 
NV2604 NE2467 SE4506 SV6155 0 3 1 2 - 2


turn: 377
1 3 4 4 
1 3 4 4 
2 2 3 1 
2 2 3 1 
NV2678 NE2513 SE4418 SV6160 0 3 1 2 - 2


turn: 378
1 3 4 4 
1 3 4 4 
2 2 3 1 
2 2 3 1 
NV2799 NE2431 SE4461 SV6168 0 3 1 2 - 2


turn: 379
1 3 4 4 
1 3 4 4 
2 2 3 1 
2 2 3 1 
NV2875 NE2505 SE4454 SV6172 0 3 1 2 - 2


turn: 380
1 3 4 4 
1 3 4 4 
2 2 3 1 
2 2 3 1 
NV2904 NE2566 SE4406 SV6147 0 3 1 2 - 2


turn: 381
1 3 4 4 
1 3 4 4 
2 2 3 1 
2 2 3 1 
NV2943 NE2521 SE4420 SV6152 0 3 1 2 - 2


turn: 382
1 3 4 4 
1 3 4 4 
2 2 3 1 
2 2 3 1 
NV2991 NE2409 SE4481 SV6164 0 3 1 2 - 2


turn: 383
1 3 4 4 
1 3 4 4 
2 2 3 1 
2 2 3 1 
NV3039 NE2341 SE4407 SV6165 0 3 1 2 - 2


turn: 384
1 3 4 4 
1 3 4 4 
2 2 3 1 
2 2 3 1 
NV2964 NE2377 SE4470 SV6176 0 3 1 2 - 2


turn: 385
1 3 4 4 
1 3 4 4 
2 2 3 1 
2 2 3 1 
NV3100 NE2370 SE4566 SV6177 0 3 1 2 - 2


turn: 386
1 3 4 4 
1 3 4 4 
2 2 3 1 
2 2 3 1 
NV3255 NE2421 SE4618 SV6146 0 3 1 2 - 2


turn: 387
1 3 4 4 
1 3 4 4 
2 2 3 1 
2 2 3 1 
NV3630 NE2036 SE4659 SV6199 0 3 1 2 - 2


turn: 388
1 3 4 4 
1 3 4 4 
2 2 3 1 
2 2 3 1 
NV3743 NE1947 SE4648 SV6274 0 3 1 2 - 2


turn: 389
1 3 4 4 
1 3 4 4 
2 2 3 1 
2 2 3 1 
NV3745 NE1889 SE4518 SV6440 0 3 1 2 - 2


turn: 390
1 3 4 4 
1 3 4 4 
2 2 3 1 
2 2 3 1 
NV3704 NE1850 SE4375 SV6557 0 3 1 2 - 2


turn: 391
1 3 4 4 
1 3 4 4 
2 2 3 1 
2 2 3 1 
NV3438 NE1863 SE4406 SV6503 0 3 1 2 - 2


turn: 392
1 3 4 4 
1 3 4 4 
2 2 3 1 
2 2 3 1 
NV3404 NE1831 SE4397 SV6580 0 3 1 2 - 2


turn: 393
1 3 4 4 
1 3 4 4 
2 2 3 1 
2 2 3 1 
NV3351 NE1766 SE4387 SV6269 0 3 1 2 - 2


turn: 394
1 3 4 4 
1 3 4 4 
2 2 3 1 
2 2 3 1 
NV3366 NE1775 SE4405 SV6360 0 3 1 2 - 2


turn: 395
1 3 4 4 
1 3 4 4 
2 2 3 1 
2 2 3 1 
NV3416 NE1753 SE4439 SV6307 0 3 1 2 - 2


turn: 396
1 3 4 4 
1 3 4 4 
2 2 3 1 
2 2 3 1 
NV3348 NE1764 SE4405 SV6327 0 3 1 2 - 2


turn: 397
1 3 4 4 
1 3 4 4 
2 2 3 1 
2 2 3 1 
NV3327 NE1800 SE4380 SV6381 0 3 1 2 - 2


turn: 398
1 3 4 4 
1 3 4 4 
2 2 3 1 
2 2 3 1 
NV2609 NE1796 SE4314 SV6576 0 3 1 2 - 2


turn: 399
1 3 4 4 
1 3 4 4 
2 2 3 1 
2 2 3 1 
NV2814 NE1745 SE4317 SV6498 0 3 1 2 - 2

